Copyright 1986-2018 Xilinx, Inc. All Rights Reserved.
------------------------------------------------------------------------------------
| Tool Version : Vivado v.2018.3 (win64) Build 2405991 Thu Dec  6 23:38:27 MST 2018
| Date         : Wed Jul 29 20:15:16 2020
| Host         : DESKTOP-NTNJV39 running 64-bit major release  (build 9200)
| Command      : upgrade_ip
| Device       : xc7s15ftgb196-1
------------------------------------------------------------------------------------

Upgrade Log for IP 'Driver_MIPI_0'

1. Summary
----------

SUCCESS in the conversion of Driver_MIPI_0 (xilinx.com:user:Driver_MIPI:1.0 (Rev. 2)) to Vivado generation flows.






Copyright 1986-2018 Xilinx, Inc. All Rights Reserved.
------------------------------------------------------------------------------------
| Tool Version : Vivado v.2018.3 (win64) Build 2405991 Thu Dec  6 23:38:27 MST 2018
| Date         : Wed Jul 29 19:58:18 2020
| Host         : DESKTOP-NTNJV39 running 64-bit major release  (build 9200)
| Command      : upgrade_ip
| Device       : xc7s15ftgb196-1
------------------------------------------------------------------------------------

Upgrade Log for IP 'Driver_MIPI_0'

1. Summary
----------

SUCCESS in the conversion of Driver_MIPI_0 (xilinx.com:user:Driver_MIPI:1.0 (Rev. 2)) to Vivado generation flows.






Copyright 1986-2018 Xilinx, Inc. All Rights Reserved.
------------------------------------------------------------------------------------
| Tool Version : Vivado v.2018.3 (win64) Build 2405991 Thu Dec  6 23:38:27 MST 2018
| Date         : Wed Jul 29 19:57:54 2020
| Host         : DESKTOP-NTNJV39 running 64-bit major release  (build 9200)
| Command      : upgrade_ip
| Device       : xc7s15ftgb196-1
------------------------------------------------------------------------------------

Upgrade Log for IP 'Driver_MIPI_0'

1. Summary
----------

SUCCESS in the conversion of Driver_MIPI_0 (xilinx.com:user:Driver_MIPI:1.0 (Rev. 2)) to Vivado generation flows.






Copyright 1986-2018 Xilinx, Inc. All Rights Reserved.
------------------------------------------------------------------------------------
| Tool Version : Vivado v.2018.3 (win64) Build 2405991 Thu Dec  6 23:38:27 MST 2018
| Date         : Wed Jul 29 19:27:46 2020
| Host         : DESKTOP-NTNJV39 running 64-bit major release  (build 9200)
| Command      : upgrade_ip
| Device       : xc7s15ftgb196-1
------------------------------------------------------------------------------------

Upgrade Log for IP 'Driver_MIPI_0'

1. Summary
----------

SUCCESS in the conversion of Driver_MIPI_0 (xilinx.com:user:Driver_MIPI:1.0 (Rev. 1)) to Vivado generation flows.






Copyright 1986-2018 Xilinx, Inc. All Rights Reserved.
------------------------------------------------------------------------------------
| Tool Version : Vivado v.2018.3 (win64) Build 2405991 Thu Dec  6 23:38:27 MST 2018
| Date         : Wed Jul 29 18:24:06 2020
| Host         : DESKTOP-NTNJV39 running 64-bit major release  (build 9200)
| Command      : upgrade_ip
| Device       : xc7s15ftgb196-1
------------------------------------------------------------------------------------

Upgrade Log for IP 'Driver_MIPI_0'

1. Summary
----------

SUCCESS in the conversion of Driver_MIPI_0 (xilinx.com:user:Driver_MIPI:1.0 (Rev. 4)) to Vivado generation flows.






Copyright 1986-2018 Xilinx, Inc. All Rights Reserved.
------------------------------------------------------------------------------------
| Tool Version : Vivado v.2018.3 (win64) Build 2405991 Thu Dec  6 23:38:27 MST 2018
| Date         : Wed Jul 29 18:13:54 2020
| Host         : DESKTOP-NTNJV39 running 64-bit major release  (build 9200)
| Command      : upgrade_ip
| Device       : xc7s15ftgb196-1
------------------------------------------------------------------------------------

Upgrade Log for IP 'Driver_MIPI_0'

1. Summary
----------

SUCCESS in the conversion of Driver_MIPI_0 (xilinx.com:user:Driver_MIPI:1.0 (Rev. 4)) to Vivado generation flows.






Copyright 1986-2018 Xilinx, Inc. All Rights Reserved.
------------------------------------------------------------------------------------
| Tool Version : Vivado v.2018.3 (win64) Build 2405991 Thu Dec  6 23:38:27 MST 2018
| Date         : Wed Jul 29 18:11:05 2020
| Host         : DESKTOP-NTNJV39 running 64-bit major release  (build 9200)
| Command      : upgrade_ip
| Device       : xc7s15ftgb196-1
------------------------------------------------------------------------------------

Upgrade Log for IP 'Driver_MIPI_0'

1. Summary
----------

SUCCESS in the conversion of Driver_MIPI_0 (xilinx.com:user:Driver_MIPI:1.0 (Rev. 4)) to Vivado generation flows.






Copyright 1986-2018 Xilinx, Inc. All Rights Reserved.
------------------------------------------------------------------------------------
| Tool Version : Vivado v.2018.3 (win64) Build 2405991 Thu Dec  6 23:38:27 MST 2018
| Date         : Wed Jul 29 17:53:46 2020
| Host         : DESKTOP-NTNJV39 running 64-bit major release  (build 9200)
| Command      : upgrade_ip
| Device       : xc7s15ftgb196-1
------------------------------------------------------------------------------------

Upgrade Log for IP 'Driver_MIPI_0'

1. Summary
----------

SUCCESS in the conversion of Driver_MIPI_0 (xilinx.com:user:Driver_MIPI:1.0 (Rev. 4)) to Vivado generation flows.






Copyright 1986-2018 Xilinx, Inc. All Rights Reserved.
------------------------------------------------------------------------------------
| Tool Version : Vivado v.2018.3 (win64) Build 2405991 Thu Dec  6 23:38:27 MST 2018
| Date         : Wed Jul 29 17:35:08 2020
| Host         : DESKTOP-NTNJV39 running 64-bit major release  (build 9200)
| Command      : upgrade_ip
| Device       : xc7s15ftgb196-1
------------------------------------------------------------------------------------

Upgrade Log for IP 'Driver_MIPI_0'

1. Summary
----------

SUCCESS in the conversion of Driver_MIPI_0 (xilinx.com:user:Driver_MIPI:1.0 (Rev. 4)) to Vivado generation flows.






Copyright 1986-2018 Xilinx, Inc. All Rights Reserved.
------------------------------------------------------------------------------------
| Tool Version : Vivado v.2018.3 (win64) Build 2405991 Thu Dec  6 23:38:27 MST 2018
| Date         : Wed Jul 29 17:34:47 2020
| Host         : DESKTOP-NTNJV39 running 64-bit major release  (build 9200)
| Command      : upgrade_ip
| Device       : xc7s15ftgb196-1
------------------------------------------------------------------------------------

Upgrade Log for IP 'Driver_MIPI_0'

1. Summary
----------

SUCCESS in the conversion of Driver_MIPI_0 (xilinx.com:user:Driver_MIPI:1.0 (Rev. 4)) to Vivado generation flows.

