#-----------------------------------------------------------
# Vivado v2018.3 (64-bit)
# SW Build 2405991 on Thu Dec  6 23:38:27 MST 2018
# IP Build 2404404 on Fri Dec  7 01:43:56 MST 2018
# Start of session at: Fri Jul 31 15:50:27 2020
# Process ID: 5524
# Current directory: E:/Vivado/JQSJ_1
# Command line: vivado.exe -gui_launcher_event rodinguilauncherevent25060 E:\Vivado\JQSJ_1\JQSJ.xpr
# Log file: E:/Vivado/JQSJ_1/vivado.log
# Journal file: E:/Vivado/JQSJ_1\vivado.jou
#-----------------------------------------------------------
start_gui
open_project E:/Vivado/JQSJ_1/JQSJ.xpr
CRITICAL WARNING: [Project 1-19] Could not find the file 'E:/Vivado/SEA-master/Examples/FPGA-IP/Camera-IP/IP/Driver_MIPI0_IP/Driver_MIPI0/rgb2dvi_0/rgb2dvi_0.xci'.
CRITICAL WARNING: [Project 1-19] Could not find the file 'E:/Vivado/SEA-master/Examples/FPGA-IP/Camera-IP/IP/Driver_MIPI0_IP/Driver_MIPI0/clk_wiz_0/clk_wiz_0.xci'.
CRITICAL WARNING: [Project 1-19] Could not find the file 'E:/Vivado/SEA-master/Examples/FPGA-IP/Camera-IP/IP/Driver_MIPI0_IP/Driver_MIPI0/OV5647_Init_0/OV5647_Init_0.xci'.
CRITICAL WARNING: [Project 1-19] Could not find the file 'E:/Vivado/SEA-master/Examples/FPGA-IP/Camera-IP/IP/Driver_MIPI0_IP/Driver_MIPI0/Driver_IIC_0/Driver_IIC_0.xci'.
CRITICAL WARNING: [Project 1-19] Could not find the file 'E:/Vivado/YSSB/new/BW.v'.
CRITICAL WARNING: [Project 1-19] Could not find the file 'E:/Vivado/YSSB/new/RGB_To_HSV.v'.
CRITICAL WARNING: [Project 1-19] Could not find the file 'E:/Vivado/YSSB/new/center.v'.
CRITICAL WARNING: [Project 1-19] Could not find the file 'E:/Vivado/YSSB/new/render.v'.
CRITICAL WARNING: [Project 1-19] Could not find the file 'E:/Vivado/YSSB/new/weight_cal.v'.
CRITICAL WARNING: [Project 1-19] Could not find the file 'E:/Vivado/YSSB/new/colorDetect.v'.
CRITICAL WARNING: [Project 1-19] Could not find the file 'E:/Vivado/SEA-master/Examples/FPGA-IP/Camera-IP/IP/Driver_MIPI0_IP/Driver_MIPI0/clk_wiz_2/clk_wiz_2.xci'.
CRITICAL WARNING: [Project 1-19] Could not find the file 'E:/Vivado/SEA-master/Examples/FPGA-IP/Camera-IP/IP/Driver_MIPI0_IP/Driver_MIPI0/Driver_MIPI_0_4/Driver_MIPI_0.xci'.
Scanning sources...
Finished scanning sources
WARNING: [filemgmt 56-3] IP Repository Path: Could not find the directory 'E:/Vivado/SEA-master/Examples/FPGA-IP/IIC-IP/IP'.
WARNING: [filemgmt 56-3] IP Repository Path: Could not find the directory 'E:/Vivado/SEA-master/Examples/FPGA-IP/Camera-IP/IP/OV5647_Init_IP'.
INFO: [IP_Flow 19-234] Refreshing IP repositories
INFO: [IP_Flow 19-1700] Loaded user IP repository 'e:/Vivado/RGB2DVI_IP'.
WARNING: [IP_Flow 19-2248] Failed to load user IP repository 'e:/Vivado/SEA-master/Examples/FPGA-IP/IIC-IP/IP'; Can't find the specified path.
If this directory should no longer be in your list of user repositories, go to the IP Settings dialog and remove it.
WARNING: [IP_Flow 19-2248] Failed to load user IP repository 'e:/Vivado/SEA-master/Examples/FPGA-IP/Camera-IP/IP/OV5647_Init_IP'; Can't find the specified path.
If this directory should no longer be in your list of user repositories, go to the IP Settings dialog and remove it.
WARNING: [IP_Flow 19-3685] Ignored loading user repository 'e:/Vivado/Camera_Demo/IP_Core/CSI2AXIS_1.0_IP'. The path is contained within another repository.
WARNING: [IP_Flow 19-3685] Ignored loading user repository 'e:/Vivado/Camera_Demo/IP_Core/CSI2DPHY_RX_1.0_IP'. The path is contained within another repository.
WARNING: [IP_Flow 19-3685] Ignored loading user repository 'e:/Vivado/Camera_Demo/Camera_Demo.srcs/sources_1/ip/clk_wiz_1'. The path is contained within another repository.
INFO: [IP_Flow 19-1700] Loaded user IP repository 'e:/Vivado/FPGA_IP'.
INFO: [IP_Flow 19-1700] Loaded user IP repository 'e:/Vivado/Camera_Demo'.
INFO: [IP_Flow 19-1700] Loaded user IP repository 'e:/Vivado/JQSJ_1'.
INFO: [IP_Flow 19-1700] Loaded user IP repository 'e:/Vivado/IP_Core'.
INFO: [IP_Flow 19-2313] Loaded Vivado IP repository 'E:/Vivado/2018.3/data/ip'.
CRITICAL WARNING: [IP_Flow 19-1663] Duplicate IP found for 'digilentinc.com:ip:rgb2dvi:1.2'. The one found in IP location 'e:/Vivado/RGB2DVI_IP' will take precedence over the same IP in locations: 
   e:/Vivado/FPGA_IP/Mini-HDMI-IP/IP/RGB2DVI_IP
   e:/Vivado/Camera_Demo/IP_Core/RGB2DVI_IP
   e:/Vivado/IP_Core/RGB2DVI_IP
CRITICAL WARNING: [IP_Flow 19-1663] Duplicate IP found for 'trenz.biz:user:csi_to_axis:1.0'. The one found in IP location 'e:/Vivado/FPGA_IP/Camera-IP/IP/CSI2AXIS_1.0_IP' will take precedence over the same IP in locations: 
   e:/Vivado/Camera_Demo/IP_Core/CSI2AXIS_1.0_IP
   e:/Vivado/IP_Core/CSI2AXIS_1.0_IP
CRITICAL WARNING: [IP_Flow 19-1663] Duplicate IP found for 'trenz.biz:user:csi2_d_phy_rx:1.0'. The one found in IP location 'e:/Vivado/FPGA_IP/Camera-IP/IP/CSI2DPHY_RX_1.0_IP' will take precedence over the same IP in locations: 
   e:/Vivado/Camera_Demo/IP_Core/CSI2DPHY_RX_1.0_IP
   e:/Vivado/IP_Core/CSI2DPHY_RX_1.0_IP
ERROR: [IP_Flow 19-993] Could not find IP file for IP 'rgb2dvi_0'.
CRITICAL WARNING: [IP_Flow 19-5097] Unable to determine VLNV from IP file; verify it has the correct syntax: 
ERROR: [IP_Flow 19-993] Could not find IP file for IP 'clk_wiz_0'.
CRITICAL WARNING: [IP_Flow 19-5097] Unable to determine VLNV from IP file; verify it has the correct syntax: 
ERROR: [IP_Flow 19-993] Could not find IP file for IP 'OV5647_Init_0'.
CRITICAL WARNING: [IP_Flow 19-5097] Unable to determine VLNV from IP file; verify it has the correct syntax: 
ERROR: [IP_Flow 19-993] Could not find IP file for IP 'Driver_IIC_0'.
CRITICAL WARNING: [IP_Flow 19-5097] Unable to determine VLNV from IP file; verify it has the correct syntax: 
ERROR: [IP_Flow 19-993] Could not find IP file for IP 'clk_wiz_2'.
CRITICAL WARNING: [IP_Flow 19-5097] Unable to determine VLNV from IP file; verify it has the correct syntax: 
ERROR: [IP_Flow 19-993] Could not find IP file for IP 'Driver_MIPI_0'.
CRITICAL WARNING: [IP_Flow 19-5097] Unable to determine VLNV from IP file; verify it has the correct syntax: 
WARNING: [IP_Flow 19-2162] IP 'Clk_Division_0' is locked:
* IP definition 'Clk_Division (1.0)' for IP 'Clk_Division_0' (customized with software release 2018.3) was not found in the IP Catalog.
Please select 'Report IP Status' from the 'Tools/Report' menu or run Tcl command 'report_ip_status' for more information.
open_project: Time (s): cpu = 00:00:17 ; elapsed = 00:00:25 . Memory (MB): peak = 737.855 ; gain = 148.078
ERROR: [Common 17-39] 'open_project' failed due to earlier errors.
update_compile_order -fileset sources_1
file mkdir E:/Vivado/JQSJ_1/JQSJ.srcs/constrs_1
file mkdir E:/Vivado/JQSJ_1/JQSJ.srcs/constrs_1/new
close [ open E:/Vivado/JQSJ_1/JQSJ.srcs/constrs_1/new/system.xdc w ]
add_files -fileset constrs_1 E:/Vivado/JQSJ_1/JQSJ.srcs/constrs_1/new/system.xdc
exit
INFO: [Common 17-206] Exiting Vivado at Fri Jul 31 15:54:39 2020...
