#-----------------------------------------------------------
# Vivado v2018.3 (64-bit)
# SW Build 2405991 on Thu Dec  6 23:38:27 MST 2018
# IP Build 2404404 on Fri Dec  7 01:43:56 MST 2018
# Start of session at: Wed Jul 29 22:45:34 2020
# Process ID: 18740
# Current directory: E:/Vivado/JQSJ_1
# Command line: vivado.exe -gui_launcher_event rodinguilauncherevent7348 E:\Vivado\JQSJ_1\JQSJ.xpr
# Log file: E:/Vivado/JQSJ_1/vivado.log
# Journal file: E:/Vivado/JQSJ_1\vivado.jou
#-----------------------------------------------------------
start_gui
open_project E:/Vivado/JQSJ_1/JQSJ.xpr
CRITICAL WARNING: [Project 1-19] Could not find the file 'E:/Vivado/SEA-master/Examples/FPGA-IP/Camera-IP/IP/Driver_MIPI0_IP/Driver_MIPI0/rgb2dvi_0/rgb2dvi_0.xci'.
CRITICAL WARNING: [Project 1-19] Could not find the file 'E:/Vivado/SEA-master/Examples/FPGA-IP/Camera-IP/IP/Driver_MIPI0_IP/Driver_MIPI0/clk_wiz_0/clk_wiz_0.xci'.
CRITICAL WARNING: [Project 1-19] Could not find the file 'E:/Vivado/SEA-master/Examples/FPGA-IP/Camera-IP/IP/Driver_MIPI0_IP/Driver_MIPI0/Driver_IIC_0/Driver_IIC_0.xci'.
CRITICAL WARNING: [Project 1-19] Could not find the file 'E:/Vivado/YSSB/new/BW.v'.
CRITICAL WARNING: [Project 1-19] Could not find the file 'E:/Vivado/YSSB/new/RGB_To_HSV.v'.
CRITICAL WARNING: [Project 1-19] Could not find the file 'E:/Vivado/YSSB/new/center.v'.
CRITICAL WARNING: [Project 1-19] Could not find the file 'E:/Vivado/YSSB/new/render.v'.
CRITICAL WARNING: [Project 1-19] Could not find the file 'E:/Vivado/YSSB/new/weight_cal.v'.
CRITICAL WARNING: [Project 1-19] Could not find the file 'E:/Vivado/YSSB/new/colorDetect.v'.
CRITICAL WARNING: [Project 1-19] Could not find the file 'E:/Vivado/SEA-master/Examples/FPGA-IP/Camera-IP/IP/Driver_MIPI0_IP/Driver_MIPI0/OV5647_Init_0/OV5647_Init_0.xci'.
CRITICAL WARNING: [Project 1-19] Could not find the file 'E:/Vivado/SEA-master/Examples/FPGA-IP/Camera-IP/IP/Driver_MIPI0_IP/Driver_MIPI0/clk_wiz_2/clk_wiz_2.xci'.
CRITICAL WARNING: [Project 1-19] Could not find the file 'E:/Vivado/SEA-master/Examples/FPGA-IP/Camera-IP/IP/Driver_MIPI0_IP/Driver_MIPI0/Driver_MIPI_0_4/Driver_MIPI_0.xci'.
Scanning sources...
Finished scanning sources
WARNING: [filemgmt 56-3] IP Repository Path: Could not find the directory 'E:/Vivado/SEA-master/Examples/FPGA-IP/IIC-IP/IP'.
WARNING: [filemgmt 56-3] IP Repository Path: Could not find the directory 'E:/Vivado/SEA-master/Examples/FPGA-IP/Camera-IP/IP/OV5647_Init_IP'.
INFO: [IP_Flow 19-234] Refreshing IP repositories
INFO: [IP_Flow 19-1700] Loaded user IP repository 'e:/Vivado/RGB2DVI_IP'.
WARNING: [IP_Flow 19-2248] Failed to load user IP repository 'e:/Vivado/SEA-master/Examples/FPGA-IP/IIC-IP/IP'; Can't find the specified path.
If this directory should no longer be in your list of user repositories, go to the IP Settings dialog and remove it.
WARNING: [IP_Flow 19-2248] Failed to load user IP repository 'e:/Vivado/SEA-master/Examples/FPGA-IP/Camera-IP/IP/OV5647_Init_IP'; Can't find the specified path.
If this directory should no longer be in your list of user repositories, go to the IP Settings dialog and remove it.
WARNING: [IP_Flow 19-3685] Ignored loading user repository 'e:/Vivado/Camera_Demo/IP_Core/CSI2AXIS_1.0_IP'. The path is contained within another repository.
WARNING: [IP_Flow 19-3685] Ignored loading user repository 'e:/Vivado/Camera_Demo/IP_Core/CSI2DPHY_RX_1.0_IP'. The path is contained within another repository.
WARNING: [IP_Flow 19-3685] Ignored loading user repository 'e:/Vivado/Camera_Demo/Camera_Demo.srcs/sources_1/ip/clk_wiz_1'. The path is contained within another repository.
INFO: [IP_Flow 19-1700] Loaded user IP repository 'e:/Vivado/FPGA_IP'.
INFO: [IP_Flow 19-1700] Loaded user IP repository 'e:/Vivado/Camera_Demo'.
INFO: [IP_Flow 19-1700] Loaded user IP repository 'e:/Vivado/JQSJ_1'.
INFO: [IP_Flow 19-2313] Loaded Vivado IP repository 'E:/Vivado/2018.3/data/ip'.
CRITICAL WARNING: [IP_Flow 19-1663] Duplicate IP found for 'digilentinc.com:ip:rgb2dvi:1.2'. The one found in IP location 'e:/Vivado/RGB2DVI_IP' will take precedence over the same IP in locations: 
   e:/Vivado/FPGA_IP/Mini-HDMI-IP/IP/RGB2DVI_IP
   e:/Vivado/Camera_Demo/IP_Core/RGB2DVI_IP
CRITICAL WARNING: [IP_Flow 19-1663] Duplicate IP found for 'trenz.biz:user:csi_to_axis:1.0'. The one found in IP location 'e:/Vivado/FPGA_IP/Camera-IP/IP/CSI2AXIS_1.0_IP' will take precedence over the same IP in location e:/Vivado/Camera_Demo/IP_Core/CSI2AXIS_1.0_IP
CRITICAL WARNING: [IP_Flow 19-1663] Duplicate IP found for 'trenz.biz:user:csi2_d_phy_rx:1.0'. The one found in IP location 'e:/Vivado/FPGA_IP/Camera-IP/IP/CSI2DPHY_RX_1.0_IP' will take precedence over the same IP in location e:/Vivado/Camera_Demo/IP_Core/CSI2DPHY_RX_1.0_IP
ERROR: [IP_Flow 19-993] Could not find IP file for IP 'rgb2dvi_0'.
CRITICAL WARNING: [IP_Flow 19-5097] Unable to determine VLNV from IP file; verify it has the correct syntax: 
ERROR: [IP_Flow 19-993] Could not find IP file for IP 'clk_wiz_0'.
CRITICAL WARNING: [IP_Flow 19-5097] Unable to determine VLNV from IP file; verify it has the correct syntax: 
ERROR: [IP_Flow 19-993] Could not find IP file for IP 'Driver_IIC_0'.
CRITICAL WARNING: [IP_Flow 19-5097] Unable to determine VLNV from IP file; verify it has the correct syntax: 
ERROR: [IP_Flow 19-993] Could not find IP file for IP 'OV5647_Init_0'.
CRITICAL WARNING: [IP_Flow 19-5097] Unable to determine VLNV from IP file; verify it has the correct syntax: 
ERROR: [IP_Flow 19-993] Could not find IP file for IP 'clk_wiz_2'.
CRITICAL WARNING: [IP_Flow 19-5097] Unable to determine VLNV from IP file; verify it has the correct syntax: 
ERROR: [IP_Flow 19-993] Could not find IP file for IP 'Driver_MIPI_0'.
CRITICAL WARNING: [IP_Flow 19-5097] Unable to determine VLNV from IP file; verify it has the correct syntax: 
WARNING: [IP_Flow 19-2162] IP 'Clk_Division_0' is locked:
* IP definition 'Clk_Division (1.0)' for IP 'Clk_Division_0' (customized with software release 2018.3) was not found in the IP Catalog.
Please select 'Report IP Status' from the 'Tools/Report' menu or run Tcl command 'report_ip_status' for more information.
open_project: Time (s): cpu = 00:00:17 ; elapsed = 00:00:10 . Memory (MB): peak = 769.129 ; gain = 168.742
ERROR: [Common 17-39] 'open_project' failed due to earlier errors.
update_compile_order -fileset sources_1
create_ip -name OV5647_Init -vendor xilinx.com -library user -version 1.0 -module_name OV5647_Init_2 -dir e:/Vivado/JQSJ_1/JQSJ.srcs/sources_1/ip
generate_target {instantiation_template} [get_files e:/Vivado/JQSJ_1/JQSJ.srcs/sources_1/ip/OV5647_Init_2/OV5647_Init_2.xci]
INFO: [IP_Flow 19-1686] Generating 'Instantiation Template' target for IP 'OV5647_Init_2'...
generate_target all [get_files  e:/Vivado/JQSJ_1/JQSJ.srcs/sources_1/ip/OV5647_Init_2/OV5647_Init_2.xci]
INFO: [IP_Flow 19-1686] Generating 'Synthesis' target for IP 'OV5647_Init_2'...
INFO: [IP_Flow 19-1686] Generating 'Simulation' target for IP 'OV5647_Init_2'...
catch { config_ip_cache -export [get_ips -all OV5647_Init_2] }
INFO: [IP_Flow 19-4993] Using cached IP synthesis design for IP OV5647_Init_2, cache-ID = 542b48291e78907f; cache size = 5.823 MB.
export_ip_user_files -of_objects [get_files e:/Vivado/JQSJ_1/JQSJ.srcs/sources_1/ip/OV5647_Init_2/OV5647_Init_2.xci] -no_script -sync -force -quiet
create_ip_run [get_files -of_objects [get_fileset sources_1] e:/Vivado/JQSJ_1/JQSJ.srcs/sources_1/ip/OV5647_Init_2/OV5647_Init_2.xci]
INFO: [Vivado 12-3453] The given sub-design is up-to-date, no action was taken.  If a run is still desired, use the '-force' option for the file:'e:/Vivado/JQSJ_1/JQSJ.srcs/sources_1/ip/OV5647_Init_2/OV5647_Init_2.xci'
export_simulation -of_objects [get_files e:/Vivado/JQSJ_1/JQSJ.srcs/sources_1/ip/OV5647_Init_2/OV5647_Init_2.xci] -directory E:/Vivado/JQSJ_1/JQSJ.ip_user_files/sim_scripts -ip_user_files_dir E:/Vivado/JQSJ_1/JQSJ.ip_user_files -ipstatic_source_dir E:/Vivado/JQSJ_1/JQSJ.ip_user_files/ipstatic -lib_map_path [list {modelsim=E:/Vivado/JQSJ_1/JQSJ.cache/compile_simlib/modelsim} {questa=E:/Vivado/JQSJ_1/JQSJ.cache/compile_simlib/questa} {riviera=E:/Vivado/JQSJ_1/JQSJ.cache/compile_simlib/riviera} {activehdl=E:/Vivado/JQSJ_1/JQSJ.cache/compile_simlib/activehdl}] -use_ip_compiled_libs -force -quiet
update_compile_order -fileset sources_1
create_ip -name OV5647_Init -vendor xilinx.com -library user -version 1.0 -module_name OV5647_Init_3 -dir e:/Vivado/JQSJ_1/JQSJ.srcs/sources_1/ip
generate_target {instantiation_template} [get_files e:/Vivado/JQSJ_1/JQSJ.srcs/sources_1/ip/OV5647_Init_3/OV5647_Init_3.xci]
INFO: [IP_Flow 19-1686] Generating 'Instantiation Template' target for IP 'OV5647_Init_3'...
generate_target all [get_files  e:/Vivado/JQSJ_1/JQSJ.srcs/sources_1/ip/OV5647_Init_3/OV5647_Init_3.xci]
INFO: [IP_Flow 19-1686] Generating 'Synthesis' target for IP 'OV5647_Init_3'...
INFO: [IP_Flow 19-1686] Generating 'Simulation' target for IP 'OV5647_Init_3'...
catch { config_ip_cache -export [get_ips -all OV5647_Init_3] }
INFO: [IP_Flow 19-4993] Using cached IP synthesis design for IP OV5647_Init_3, cache-ID = 542b48291e78907f; cache size = 5.823 MB.
export_ip_user_files -of_objects [get_files e:/Vivado/JQSJ_1/JQSJ.srcs/sources_1/ip/OV5647_Init_3/OV5647_Init_3.xci] -no_script -sync -force -quiet
create_ip_run [get_files -of_objects [get_fileset sources_1] e:/Vivado/JQSJ_1/JQSJ.srcs/sources_1/ip/OV5647_Init_3/OV5647_Init_3.xci]
INFO: [Vivado 12-3453] The given sub-design is up-to-date, no action was taken.  If a run is still desired, use the '-force' option for the file:'e:/Vivado/JQSJ_1/JQSJ.srcs/sources_1/ip/OV5647_Init_3/OV5647_Init_3.xci'
export_simulation -of_objects [get_files e:/Vivado/JQSJ_1/JQSJ.srcs/sources_1/ip/OV5647_Init_3/OV5647_Init_3.xci] -directory E:/Vivado/JQSJ_1/JQSJ.ip_user_files/sim_scripts -ip_user_files_dir E:/Vivado/JQSJ_1/JQSJ.ip_user_files -ipstatic_source_dir E:/Vivado/JQSJ_1/JQSJ.ip_user_files/ipstatic -lib_map_path [list {modelsim=E:/Vivado/JQSJ_1/JQSJ.cache/compile_simlib/modelsim} {questa=E:/Vivado/JQSJ_1/JQSJ.cache/compile_simlib/questa} {riviera=E:/Vivado/JQSJ_1/JQSJ.cache/compile_simlib/riviera} {activehdl=E:/Vivado/JQSJ_1/JQSJ.cache/compile_simlib/activehdl}] -use_ip_compiled_libs -force -quiet
update_compile_order -fileset sources_1
reset_run synth_1
launch_runs synth_1 -jobs 2
INFO: [Vivado 12-4149] The synthesis checkpoint for IP 'E:/Vivado/JQSJ_1/JQSJ.srcs/sources_1/ip/rgb2stream_1/rgb2stream_1.xci' is already up-to-date
INFO: [Vivado 12-4149] The synthesis checkpoint for IP 'E:/Vivado/JQSJ_1/JQSJ.srcs/sources_1/ip/rgb2dvi_1/rgb2dvi_1.xci' is already up-to-date
INFO: [IP_Flow 19-1686] Generating 'Synthesis' target for IP 'csi2_d_phy_rx_0'...
INFO: [IP_Flow 19-4993] Using cached IP synthesis design for IP csi2_d_phy_rx_0, cache-ID = 7ccfdf3e2e28e781; cache size = 5.823 MB.
INFO: [IP_Flow 19-4993] Using cached IP synthesis design for IP csi2_d_phy_rx_0, cache-ID = 1a0b8a08af948cb8; cache size = 0.914 MB.
INFO: [IP_Flow 19-4993] Using cached IP synthesis design for IP csi2_d_phy_rx_0, cache-ID = 1a0b8a08af948cb8; cache size = 0.914 MB.
INFO: [IP_Flow 19-4993] Using cached IP synthesis design for IP csi2_d_phy_rx_0, cache-ID = 1a0b8a08af948cb8; cache size = 0.914 MB.
INFO: [Vivado 12-4149] The synthesis checkpoint for IP 'E:/Vivado/JQSJ_1/JQSJ.srcs/sources_1/ip/csi2_d_phy_rx_0/csi2_d_phy_rx_0.xci' is already up-to-date
INFO: [Vivado 12-4149] The synthesis checkpoint for IP 'e:/Vivado/JQSJ_1/JQSJ.srcs/sources_1/ip/OV5647_Init_3/OV5647_Init_3.xci' is already up-to-date
INFO: [Vivado 12-4149] The synthesis checkpoint for IP 'e:/Vivado/JQSJ_1/JQSJ.srcs/sources_1/ip/OV5647_Init_2/OV5647_Init_2.xci' is already up-to-date
INFO: [Vivado 12-4149] The synthesis checkpoint for IP 'E:/Vivado/JQSJ_1/JQSJ.srcs/sources_1/ip/OV5647_Init_1/OV5647_Init_1.xci' is already up-to-date
CRITICAL WARNING: [filemgmt 20-730] Could not find a top module in the fileset sources_1.
Resolution: With the gui up, review the source files in the Sources window. Use Add Sources to add any needed sources. If the files are disabled, enable them. You can also select the file and choose Set Used In from the pop-up menu. Review if they are being used at the proper points of the flow.
[Wed Jul 29 23:03:10 2020] Launched synth_1...
Run output will be captured here: E:/Vivado/JQSJ_1/JQSJ.runs/synth_1/runme.log
exit
INFO: [Common 17-206] Exiting Vivado at Wed Jul 29 23:04:06 2020...
