
*** Running vivado
    with args -log Driver_MIPI0_1.vds -m64 -product Vivado -mode batch -messageDb vivado.pb -notrace -source Driver_MIPI0_1.tcl


****** Vivado v2018.3 (64-bit)
  **** SW Build 2405991 on Thu Dec  6 23:38:27 MST 2018
  **** IP Build 2404404 on Fri Dec  7 01:43:56 MST 2018
    ** Copyright 1986-2018 Xilinx, Inc. All Rights Reserved.

source Driver_MIPI0_1.tcl -notrace
INFO: [IP_Flow 19-234] Refreshing IP repositories
INFO: [IP_Flow 19-1700] Loaded user IP repository 'e:/Vivado/RGB2DVI_IP'.
WARNING: [IP_Flow 19-2248] Failed to load user IP repository 'e:/Vivado/SEA-master/Examples/FPGA-IP/IIC-IP/IP'; Can't find the specified path.
If this directory should no longer be in your list of user repositories, go to the IP Settings dialog and remove it.
WARNING: [IP_Flow 19-2248] Failed to load user IP repository 'e:/Vivado/SEA-master/Examples/FPGA-IP/Camera-IP/IP/OV5647_Init_IP'; Can't find the specified path.
If this directory should no longer be in your list of user repositories, go to the IP Settings dialog and remove it.
INFO: [IP_Flow 19-1700] Loaded user IP repository 'e:/Vivado/Camera_Demo/IP_Core/CSI2AXIS_1.0_IP'.
INFO: [IP_Flow 19-1700] Loaded user IP repository 'e:/Vivado/Camera_Demo/IP_Core/CSI2DPHY_RX_1.0_IP'.
INFO: [IP_Flow 19-1700] Loaded user IP repository 'e:/Vivado/Camera_Demo/Camera_Demo.srcs/sources_1/ip/clk_wiz_1'.
INFO: [IP_Flow 19-1700] Loaded user IP repository 'e:/Vivado/FPGA_IP'.
INFO: [IP_Flow 19-2313] Loaded Vivado IP repository 'E:/Vivado/2018.3/data/ip'.
CRITICAL WARNING: [IP_Flow 19-1663] Duplicate IP found for 'digilentinc.com:ip:rgb2dvi:1.2'. The one found in IP location 'e:/Vivado/RGB2DVI_IP' will take precedence over the same IP in location e:/Vivado/FPGA_IP/Mini-HDMI-IP/IP/RGB2DVI_IP
CRITICAL WARNING: [IP_Flow 19-1663] Duplicate IP found for 'trenz.biz:user:csi_to_axis:1.0'. The one found in IP location 'e:/Vivado/Camera_Demo/IP_Core/CSI2AXIS_1.0_IP' will take precedence over the same IP in location e:/Vivado/FPGA_IP/Camera-IP/IP/CSI2AXIS_1.0_IP
CRITICAL WARNING: [IP_Flow 19-1663] Duplicate IP found for 'trenz.biz:user:csi2_d_phy_rx:1.0'. The one found in IP location 'e:/Vivado/Camera_Demo/IP_Core/CSI2DPHY_RX_1.0_IP' will take precedence over the same IP in location e:/Vivado/FPGA_IP/Camera-IP/IP/CSI2DPHY_RX_1.0_IP
INFO: [IP_Flow 19-4838] Using cached IP synthesis design for IP Driver_MIPI0_1, cache-ID = 89800e460c15a165.
INFO: [Common 17-206] Exiting Vivado at Wed Jul 29 21:55:01 2020...
